"2024-11-05 14:39:15,078 INFO  [main] com.project.SchoolManagmentApplication:Starting SchoolManagmentApplication using Java 17.0.9 on Bahtiyar-MacBook-Air.local with PID 80245 (/Users/bahtiyararalov/Downloads/BACK-END DEVELOPER/school-management/target/classes started by bahtiyararalov in /Users/bahtiyararalov/Downloads/BACK-END DEVELOPER/school-management)
""2024-11-05 14:39:15,085 INFO  [main] com.project.SchoolManagmentApplication:No active profile set, falling back to 1 default profile: "default"
""2024-11-05 14:39:16,734 INFO  [main] org.springframework.data.repository.config.RepositoryConfigurationDelegate:Bootstrapping Spring Data JPA repositories in DEFAULT mode.
""2024-11-05 14:39:16,928 INFO  [main] org.springframework.data.repository.config.RepositoryConfigurationDelegate:Finished Spring Data repository scanning in 186 ms. Found 8 JPA repository interfaces.
""2024-11-05 14:39:18,045 INFO  [main] org.springframework.boot.web.embedded.tomcat.TomcatWebServer:Tomcat initialized with port(s): 8081 (http)
""2024-11-05 14:39:18,055 INFO  [main] org.apache.catalina.core.StandardService:Starting service [Tomcat]
""2024-11-05 14:39:18,056 INFO  [main] org.apache.catalina.core.StandardEngine:Starting Servlet engine: [Apache Tomcat/9.0.68]
""2024-11-05 14:39:18,186 INFO  [main] org.apache.catalina.core.ContainerBase.[Tomcat].[localhost].[/]:Initializing Spring embedded WebApplicationContext
""2024-11-05 14:39:18,188 INFO  [main] org.springframework.boot.web.servlet.context.ServletWebServerApplicationContext:Root WebApplicationContext: initialization completed in 2976 ms
""2024-11-05 14:39:18,457 INFO  [main] org.hibernate.jpa.internal.util.LogHelper:HHH000204: Processing PersistenceUnitInfo [name: default]
""2024-11-05 14:39:18,492 INFO  [main] org.hibernate.Version:HHH000412: Hibernate ORM core version 5.6.12.Final
""2024-11-05 14:39:18,618 INFO  [main] org.hibernate.annotations.common.Version:HCANN000001: Hibernate Commons Annotations {5.1.2.Final}
""2024-11-05 14:39:18,823 INFO  [main] com.zaxxer.hikari.HikariDataSource:HikariPool-1 - Starting...
""2024-11-05 14:39:19,067 INFO  [main] com.zaxxer.hikari.HikariDataSource:HikariPool-1 - Start completed.
""2024-11-05 14:39:19,083 INFO  [main] org.hibernate.dialect.Dialect:HHH000400: Using dialect: org.hibernate.dialect.PostgreSQL81Dialect
""2024-11-05 14:39:20,361 INFO  [main] org.hibernate.engine.transaction.jta.platform.internal.JtaPlatformInitiator:HHH000490: Using JtaPlatform implementation: [org.hibernate.engine.transaction.jta.platform.internal.NoJtaPlatform]
""2024-11-05 14:39:20,370 INFO  [main] org.springframework.orm.jpa.LocalContainerEntityManagerFactoryBean:Initialized JPA EntityManagerFactory for persistence unit 'default'
""2024-11-05 14:39:22,244 WARN  [main] org.springframework.boot.autoconfigure.orm.jpa.JpaBaseConfiguration$JpaWebConfiguration:spring.jpa.open-in-view is enabled by default. Therefore, database queries may be performed during view rendering. Explicitly configure spring.jpa.open-in-view to disable this warning
""2024-11-05 14:39:23,516 INFO  [main] org.springframework.security.web.DefaultSecurityFilterChain:Will secure any request with [org.springframework.security.web.session.DisableEncodeUrlFilter@22a8c837, org.springframework.security.web.context.request.async.WebAsyncManagerIntegrationFilter@5f596a1a, org.springframework.security.web.context.SecurityContextPersistenceFilter@62ff14cd, org.springframework.security.web.header.HeaderWriterFilter@75d402d4, org.springframework.web.filter.CorsFilter@62977afb, org.springframework.security.web.authentication.logout.LogoutFilter@70f8d217, com.project.security.jwt.AuthTokenFilter@13e0f380, org.springframework.security.web.savedrequest.RequestCacheAwareFilter@32e9c3af, org.springframework.security.web.servletapi.SecurityContextHolderAwareRequestFilter@796e2187, org.springframework.security.web.authentication.AnonymousAuthenticationFilter@13edc1bc, org.springframework.security.web.session.SessionManagementFilter@10230657, org.springframework.security.web.access.ExceptionTranslationFilter@2ea0161f, org.springframework.security.web.access.intercept.FilterSecurityInterceptor@85eba52]
""2024-11-05 14:39:23,932 WARN  [main] org.springframework.boot.web.servlet.context.AnnotationConfigServletWebServerApplicationContext:Exception encountered during context initialization - cancelling refresh attempt: org.springframework.context.ApplicationContextException: Failed to start bean 'webServerStartStop'; nested exception is org.springframework.boot.web.server.PortInUseException: Port 8081 is already in use
""2024-11-05 14:39:23,937 INFO  [main] org.springframework.orm.jpa.LocalContainerEntityManagerFactoryBean:Closing JPA EntityManagerFactory for persistence unit 'default'
""2024-11-05 14:39:23,942 INFO  [main] com.zaxxer.hikari.HikariDataSource:HikariPool-1 - Shutdown initiated...
""2024-11-05 14:39:23,946 INFO  [main] com.zaxxer.hikari.HikariDataSource:HikariPool-1 - Shutdown completed.
""2024-11-05 14:39:23,948 INFO  [main] org.apache.catalina.core.StandardService:Stopping service [Tomcat]
""2024-11-05 14:39:23,969 INFO  [main] org.springframework.boot.autoconfigure.logging.ConditionEvaluationReportLoggingListener:

Error starting ApplicationContext. To display the conditions report re-run your application with 'debug' enabled.
""2024-11-05 14:39:23,987 ERROR [main] org.springframework.boot.diagnostics.LoggingFailureAnalysisReporter:

***************************
APPLICATION FAILED TO START
***************************

Description:

Web server failed to start. Port 8081 was already in use.

Action:

Identify and stop the process that's listening on port 8081 or configure this application to listen on another port.

"